yum install gtk2-devel  （opencv需要）
yum install gstreamer-plugins-base-devel 
yum install libdc1394-devel （opencv需要）
yum install libavcodec-devel （opencv需要）


tar -jxf boost_1_65_1.tar.bz2
cd boost_1_65_1/
./bootstrap.sh --with-python=/home/tgc/workspace/deeplab/tools/anaconda3/bin/python3 --with-python-version=3.5 --with-python-root=/home/tgc/workspace/deeplab/tools/anaconda3/lib/python3.5 --prefix=/usr/local
project-config.jam:
/home/tgc/workspace/deeplab/tools/anaconda3/include/python3.5m
/home/tgc/workspace/deeplab/tools/anaconda3/lib/python3.5
#The following directory should be added to compiler include paths:
#/home/tgc/workspace/deeplab/tools/pkgs/boost_1_65_1
#The following directory should be added to linker library paths:
#/home/tgc/workspace/deeplab/tools/pkgs/boost_1_65_1/stage/lib
./b2
./b2 install

yum install atlas-devel
wget https://cmake.org/files/v3.10/cmake-3.10.2.tar.gz
yum erase cmake
/usr/local/bin/cmake ..

wget https://github.com/schuhschuh/gflags/archive/master.zip 
unzip master.zip 
cd gflags-master 
mkdir build && cd build 
export CXXFLAGS="-fPIC"
cmake CMAKE_INSTALL_PREFIX=/home/tgc/workspace/deeplab/tools/pkgs/gflags-master/install ..
make VERBOSE=1
make
make install

tar zxvf glog-0.3.4.tar.gz 
cd glog-0.3.4
./configure --prefix=/home/tgc/workspace/deeplab/tools/pkgs/glog-0.3.4/install/glog
make 
make install

yum install autoconf automake libtool
cd protobuf
./autoget.sh
./configure --prefix=/home/tgc/workspace/deeplab/tools/pkgs/protobuf-3.6.x/install/protobuf
make
make check
make install

yum install gcc-gfortran
安装blas和cblas
wget http://www.netlib.org/blas/blas-3.7.0.tgz
tar -zxvf blas-3.7.0.tgz
cd BLAS-3.7.0
gfortran -c -O3 *.f 
ar rv libblas.a *.o
wget http://www.netlib.org/blas/blast-forum/cblas.tgz
tar -zxvf cblas.tgz
cd CBLAS
cp ../BLAS-3.7.0/libblas.a testing/

mv Makefile.in Makefile.in.bak
cp Makefile.LINUX Makefile.in

make
cp include/cblas.h /usr/include/
cp ../BLAS-3.7.0/libblas.a lib/
gcc -shared lib/cblas_LINUX.a lib/libblas.a -o lib/libcblas.so

 USE_LEVELDB := 0
 USE_LMDB := 0
 
ln -s /usr/lib64/atlas/libsatlas.so /usr/lib64/libatlas.so

scp -r /home/tgc/workspace/deeplab/tools/matio-1.5.14 root@172.20.87.16:/home/tgc/workspace/deeplab/tools/pkgs/
./configure
###CFLAGS=-I/home/tgc/workspace/deeplab/tools/anaconda3/pkgs/hdf5-1.8.17-1/include
make check

make pycaffe
make install